

*******************************************************************************
Thu Apr 15 15:56:26 2021


FIT:    data read from "random_histogram.dat" using ($5):($6)
        format = x:z
        x range restricted to [-3.00000 : 3.00000]
        #datapoints = 50
        residuals are weighted equally (unit weight)

function used for fitting: f(x)
	f(x) = b*exp(-x**2/(2*sigma**2))
fitted parameters initialized with current variable values

iter      chisq       delta/lim  lambda   b             sigma        
   0 3.3782341388e+08   0.00e+00  5.08e-01    1.000000e+00   1.000000e+00
  17 9.1629425502e+04  -9.81e-02  5.08e-05    4.780092e+03  -1.001145e+00

After 17 iterations the fit converged.
final sum of squares of residuals : 91629.4
rel. change during last iteration : -9.81451e-07

degrees of freedom    (FIT_NDF)                        : 48
rms of residuals      (FIT_STDFIT) = sqrt(WSSR/ndf)    : 43.6915
variance of residuals (reduced chisquare) = WSSR/ndf   : 1908.95

Final set of parameters            Asymptotic Standard Error
=======================            ==========================
b               = 4780.09          +/- 13.92        (0.2912%)
sigma           = -1.00115         +/- 0.003372     (0.3368%)

correlation matrix of the fit parameters:
                b      sigma  
b               1.000 
sigma           0.578  1.000 


*******************************************************************************
Thu Apr 15 16:00:00 2021


FIT:    data read from "random_histogram.dat" using ($5):($6)
        format = x:z
        x range restricted to [-3.00000 : 3.00000]
        #datapoints = 50
        residuals are weighted equally (unit weight)

function used for fitting: f(x)
	f(x) = b*exp(-x**2/(2*sigma**2))
fitted parameters initialized with current variable values

iter      chisq       delta/lim  lambda   b             sigma        
   0 3.3816385018e+10   0.00e+00  5.08e-01    1.000000e+00   1.000000e+00
   3 1.3884461805e+10  -1.30e-01  5.08e-03    1.996664e+04   6.282142e+03

After 3 iterations the fit converged.
final sum of squares of residuals : 1.38845e+10
rel. change during last iteration : -1.30381e-06

degrees of freedom    (FIT_NDF)                        : 48
rms of residuals      (FIT_STDFIT) = sqrt(WSSR/ndf)    : 17007.6
variance of residuals (reduced chisquare) = WSSR/ndf   : 2.8926e+08

Final set of parameters            Asymptotic Standard Error
=======================            ==========================
b               = 19966.6          +/- 3609         (18.08%)
sigma           = 6282.14          +/- 1.116e+10    (1.776e+08%)

correlation matrix of the fit parameters:
                b      sigma  
b               1.000 
sigma          -0.746  1.000 


*******************************************************************************
Thu Apr 15 16:00:55 2021


FIT:    data read from "random_histogram.dat" using ($5):($6)
        format = x:z
        x range restricted to [-3.00000 : 3.00000]
        #datapoints = 50
        residuals are weighted equally (unit weight)

function used for fitting: f(x)
	f(x) = b*exp(-x**2/(2*sigma**2))
fitted parameters initialized with current variable values

iter      chisq       delta/lim  lambda   b             sigma        
   0 3.3837306426e+06   0.00e+00  5.08e-01    1.000000e+00   1.000000e+00
  21 6.4351714705e+03  -4.81e-01  5.08e-04    4.788837e+02   1.001243e+00

After 21 iterations the fit converged.
final sum of squares of residuals : 6435.17
rel. change during last iteration : -4.80542e-06

degrees of freedom    (FIT_NDF)                        : 48
rms of residuals      (FIT_STDFIT) = sqrt(WSSR/ndf)    : 11.5787
variance of residuals (reduced chisquare) = WSSR/ndf   : 134.066

Final set of parameters            Asymptotic Standard Error
=======================            ==========================
b               = 478.884          +/- 3.689        (0.7703%)
sigma           = 1.00124          +/- 0.008921     (0.891%)

correlation matrix of the fit parameters:
                b      sigma  
b               1.000 
sigma          -0.578  1.000 


*******************************************************************************
Thu Apr 15 19:48:14 2021


FIT:    data read from "random_walk_length.dat" using (log10($1)):(log10($2))
        format = x:z
        x range restricted to [1.00000 : 5.00000]
        #datapoints = 14
        residuals are weighted equally (unit weight)

function used for fitting: f(x)
	f(x) = m*x + b
fitted parameters initialized with current variable values

iter      chisq       delta/lim  lambda   m             b            
   0 9.0471082868e+01   0.00e+00  2.37e+00    1.000000e+00   1.000000e+00
   4 3.5800915963e-02  -1.47e-04  2.37e-04    4.986203e-01   1.473783e-02

After 4 iterations the fit converged.
final sum of squares of residuals : 0.0358009
rel. change during last iteration : -1.47336e-09

degrees of freedom    (FIT_NDF)                        : 12
rms of residuals      (FIT_STDFIT) = sqrt(WSSR/ndf)    : 0.0546206
variance of residuals (reduced chisquare) = WSSR/ndf   : 0.00298341

Final set of parameters            Asymptotic Standard Error
=======================            ==========================
m               = 0.49862          +/- 0.01203      (2.413%)
b               = 0.0147378        +/- 0.03845      (260.9%)

correlation matrix of the fit parameters:
                m      b      
m               1.000 
b              -0.925  1.000 


*******************************************************************************
Thu Apr 15 19:49:27 2021


FIT:    data read from "random_walk_length.dat" using (log10($1)):(log10($2))
        format = x:z
        x range restricted to [1.00000 : 5.00000]
        #datapoints = 14
        residuals are weighted equally (unit weight)

function used for fitting: f(x)
	f(x) = m*x + b
fitted parameters initialized with current variable values

iter      chisq       delta/lim  lambda   m             b            
   0 3.5800915963e-02   0.00e+00  1.13e+00    4.986203e-01   1.473783e-02
   1 3.5800915963e-02   0.00e+00  1.13e-01    4.986203e-01   1.473783e-02

After 1 iterations the fit converged.
final sum of squares of residuals : 0.0358009
rel. change during last iteration : 0

degrees of freedom    (FIT_NDF)                        : 12
rms of residuals      (FIT_STDFIT) = sqrt(WSSR/ndf)    : 0.0546206
variance of residuals (reduced chisquare) = WSSR/ndf   : 0.00298341

Final set of parameters            Asymptotic Standard Error
=======================            ==========================
m               = 0.49862          +/- 0.01203      (2.413%)
b               = 0.0147378        +/- 0.03845      (260.9%)

correlation matrix of the fit parameters:
                m      b      
m               1.000 
b              -0.925  1.000 


*******************************************************************************
Thu Apr 15 19:57:15 2021


FIT:    data read from "random_walks.dat" using 1:2
        format = x:z
        x range restricted to [1.00000 : 5.00000]
BREAK: No data to fit

*******************************************************************************
Thu Apr 15 20:04:06 2021


FIT:    data read from "random_walks.dat" using 1:2
        format = x:z
        x range restricted to [1.00000 : 10.0000]
BREAK: No data to fit

*******************************************************************************
Thu Apr 15 20:08:43 2021


FIT:    data read from "random_walks.dat" using 1:2
        format = x:z
        x range restricted to [1.00000 : 8.00000]
BREAK: No data to fit

*******************************************************************************
Thu Apr 15 20:09:40 2021


FIT:    data read from "random_walks.dat" using 1:2
        format = x:z
        x range restricted to [0.00000 : 50000.0]
        #datapoints = 10
        residuals are weighted equally (unit weight)

function used for fitting: f(x)
	f(x) = m*x + b
fitted parameters initialized with current variable values

iter      chisq       delta/lim  lambda   m             b            
   0 9.5256521368e+09   0.00e+00  2.19e+04    1.000000e+00   1.000000e+00
   8 7.4818883439e+02  -1.52e-05  2.19e-04    3.237251e-03   6.881660e+01

After 8 iterations the fit converged.
final sum of squares of residuals : 748.189
rel. change during last iteration : -1.52013e-10

degrees of freedom    (FIT_NDF)                        : 8
rms of residuals      (FIT_STDFIT) = sqrt(WSSR/ndf)    : 9.67076
variance of residuals (reduced chisquare) = WSSR/ndf   : 93.5236

Final set of parameters            Asymptotic Standard Error
=======================            ==========================
m               = 0.00323725       +/- 0.0002129    (6.578%)
b               = 68.8166          +/- 6.606        (9.6%)

correlation matrix of the fit parameters:
                m      b      
m               1.000 
b              -0.886  1.000 


*******************************************************************************
Thu Apr 15 22:09:20 2021


FIT:    data read from "mc_integration.dat" using (log10($1)):(log10(abs($2-$3)/$3))
        format = x:z
        x range restricted to [1.00000 : 8.00000]
        #datapoints = 17
        residuals are weighted equally (unit weight)

function used for fitting: f(x)
	f(x) = m*x + b
fitted parameters initialized with current variable values

iter      chisq       delta/lim  lambda   m             b            
   0 8.4019952517e+02   0.00e+00  2.72e+00    1.000000e+00   1.000000e+00
   4 7.7464393181e+00  -9.32e-07  2.72e-04   -5.634899e-01  -2.781711e-01

After 4 iterations the fit converged.
final sum of squares of residuals : 7.74644
rel. change during last iteration : -9.32408e-12

degrees of freedom    (FIT_NDF)                        : 15
rms of residuals      (FIT_STDFIT) = sqrt(WSSR/ndf)    : 0.71863
variance of residuals (reduced chisquare) = WSSR/ndf   : 0.516429

Final set of parameters            Asymptotic Standard Error
=======================            ==========================
m               = -0.56349         +/- 0.1182       (20.97%)
b               = -0.278171        +/- 0.4389       (157.8%)

correlation matrix of the fit parameters:
                m      b      
m               1.000 
b              -0.918  1.000 


*******************************************************************************
Thu Apr 15 22:09:54 2021


FIT:    data read from "mc_integration.dat" using (log10($1)):(log10(abs($2-$3)/$3))
        format = x:z
        x range restricted to [1.00000 : 8.00000]
        #datapoints = 17
        residuals are weighted equally (unit weight)

function used for fitting: f(x)
	f(x) = m*x + b
fitted parameters initialized with current variable values

iter      chisq       delta/lim  lambda   m             b            
   0 7.5997892341e+02   0.00e+00  2.72e+00    1.000000e+00   1.000000e+00
   4 2.5556253906e+00  -2.03e-06  2.72e-04   -5.141487e-01  -1.297384e-01

After 4 iterations the fit converged.
final sum of squares of residuals : 2.55563
rel. change during last iteration : -2.02596e-11

degrees of freedom    (FIT_NDF)                        : 15
rms of residuals      (FIT_STDFIT) = sqrt(WSSR/ndf)    : 0.412765
variance of residuals (reduced chisquare) = WSSR/ndf   : 0.170375

Final set of parameters            Asymptotic Standard Error
=======================            ==========================
m               = -0.514149        +/- 0.06788      (13.2%)
b               = -0.129738        +/- 0.2521       (194.3%)

correlation matrix of the fit parameters:
                m      b      
m               1.000 
b              -0.918  1.000 


*******************************************************************************
Thu Apr 15 22:10:04 2021


FIT:    data read from "mc_integration.dat" using (log10($1)):(log10(abs($2-$3)/$3))
        format = x:z
        x range restricted to [1.00000 : 8.00000]
        #datapoints = 17
        residuals are weighted equally (unit weight)

function used for fitting: f(x)
	f(x) = m*x + b
fitted parameters initialized with current variable values

iter      chisq       delta/lim  lambda   m             b            
   0 8.3015297539e+02   0.00e+00  2.72e+00    1.000000e+00   1.000000e+00
   4 1.9510329249e+00  -1.53e-06  2.72e-04   -6.345494e-01   2.058687e-02

After 4 iterations the fit converged.
final sum of squares of residuals : 1.95103
rel. change during last iteration : -1.53253e-11

degrees of freedom    (FIT_NDF)                        : 15
rms of residuals      (FIT_STDFIT) = sqrt(WSSR/ndf)    : 0.360651
variance of residuals (reduced chisquare) = WSSR/ndf   : 0.130069

Final set of parameters            Asymptotic Standard Error
=======================            ==========================
m               = -0.634549        +/- 0.05931      (9.347%)
b               = 0.0205869        +/- 0.2203       (1070%)

correlation matrix of the fit parameters:
                m      b      
m               1.000 
b              -0.918  1.000 


*******************************************************************************
Thu Apr 15 22:15:51 2021


FIT:    data read from "mc_integration.dat" using (log10($1)):(log10(abs($2-$3)/$3))
        format = x:z
        x range restricted to [1.00000 : 8.00000]
        #datapoints = 17
        residuals are weighted equally (unit weight)

function used for fitting: f(x)
	f(x) = m*x + b
fitted parameters initialized with current variable values

iter      chisq       delta/lim  lambda   m             b            
   0 8.3015297539e+02   0.00e+00  2.72e+00    1.000000e+00   1.000000e+00
   4 1.9510329249e+00  -1.53e-06  2.72e-04   -6.345494e-01   2.058687e-02

After 4 iterations the fit converged.
final sum of squares of residuals : 1.95103
rel. change during last iteration : -1.53253e-11

degrees of freedom    (FIT_NDF)                        : 15
rms of residuals      (FIT_STDFIT) = sqrt(WSSR/ndf)    : 0.360651
variance of residuals (reduced chisquare) = WSSR/ndf   : 0.130069

Final set of parameters            Asymptotic Standard Error
=======================            ==========================
m               = -0.634549        +/- 0.05931      (9.347%)
b               = 0.0205869        +/- 0.2203       (1070%)

correlation matrix of the fit parameters:
                m      b      
m               1.000 
b              -0.918  1.000 


*******************************************************************************
Thu Apr 15 22:18:13 2021


FIT:    data read from "mc_integration.dat" using (log10($1)):(log10(abs($2-$3)/$3))
        format = x:z
        x range restricted to [1.00000 : 8.00000]
        #datapoints = 17
        residuals are weighted equally (unit weight)

function used for fitting: f(x)
	f(x) = m*x + b
fitted parameters initialized with current variable values

iter      chisq       delta/lim  lambda   m             b            
   0 8.3015297539e+02   0.00e+00  2.72e+00    1.000000e+00   1.000000e+00
   4 1.9510329249e+00  -1.53e-06  2.72e-04   -6.345494e-01   2.058687e-02

After 4 iterations the fit converged.
final sum of squares of residuals : 1.95103
rel. change during last iteration : -1.53253e-11

degrees of freedom    (FIT_NDF)                        : 15
rms of residuals      (FIT_STDFIT) = sqrt(WSSR/ndf)    : 0.360651
variance of residuals (reduced chisquare) = WSSR/ndf   : 0.130069

Final set of parameters            Asymptotic Standard Error
=======================            ==========================
m               = -0.634549        +/- 0.05931      (9.347%)
b               = 0.0205869        +/- 0.2203       (1070%)

correlation matrix of the fit parameters:
                m      b      
m               1.000 
b              -0.918  1.000 


*******************************************************************************
Thu Apr 15 22:20:46 2021


FIT:    data read from "mc_integration.dat" using (log10($1)):(log10(abs($2-$3)/$3))
        format = x:z
        x range restricted to [1.00000 : 8.00000]
        #datapoints = 17
        residuals are weighted equally (unit weight)

function used for fitting: f(x)
	f(x) = m*x + b
fitted parameters initialized with current variable values

iter      chisq       delta/lim  lambda   m             b            
   0 6.3462228316e+02   0.00e+00  2.72e+00    1.000000e+00   1.000000e+00
   4 1.9352707683e+00  -1.76e-05  2.72e-04   -8.327419e-02  -1.195617e+00

After 4 iterations the fit converged.
final sum of squares of residuals : 1.93527
rel. change during last iteration : -1.75558e-10

degrees of freedom    (FIT_NDF)                        : 15
rms of residuals      (FIT_STDFIT) = sqrt(WSSR/ndf)    : 0.359191
variance of residuals (reduced chisquare) = WSSR/ndf   : 0.129018

Final set of parameters            Asymptotic Standard Error
=======================            ==========================
m               = -0.0832742       +/- 0.05907      (70.94%)
b               = -1.19562         +/- 0.2194       (18.35%)

correlation matrix of the fit parameters:
                m      b      
m               1.000 
b              -0.918  1.000 


*******************************************************************************
Thu Apr 15 22:21:11 2021


FIT:    data read from "mc_integration.dat" using (log10($1)):(log10(abs($2-$3)/$3))
        format = x:z
        x range restricted to [1.00000 : 8.00000]
        #datapoints = 17
        residuals are weighted equally (unit weight)

function used for fitting: f(x)
	f(x) = m*x + b
fitted parameters initialized with current variable values

iter      chisq       delta/lim  lambda   m             b            
   0 7.3013916256e+02   0.00e+00  2.72e+00    1.000000e+00   1.000000e+00
   4 9.6990798516e-01  -4.11e-06  2.72e-04   -5.043187e-01  -3.495493e-02

After 4 iterations the fit converged.
final sum of squares of residuals : 0.969908
rel. change during last iteration : -4.10694e-11

degrees of freedom    (FIT_NDF)                        : 15
rms of residuals      (FIT_STDFIT) = sqrt(WSSR/ndf)    : 0.254284
variance of residuals (reduced chisquare) = WSSR/ndf   : 0.0646605

Final set of parameters            Asymptotic Standard Error
=======================            ==========================
m               = -0.504319        +/- 0.04182      (8.292%)
b               = -0.0349549       +/- 0.1553       (444.3%)

correlation matrix of the fit parameters:
                m      b      
m               1.000 
b              -0.918  1.000 


*******************************************************************************
Thu Apr 15 22:21:31 2021


FIT:    data read from "mc_integration.dat" using (log10($1)):(log10(abs($2-$3)/$3))
        format = x:z
        x range restricted to [1.00000 : 8.00000]
        #datapoints = 17
        residuals are weighted equally (unit weight)

function used for fitting: f(x)
	f(x) = m*x + b
fitted parameters initialized with current variable values

iter      chisq       delta/lim  lambda   m             b            
   0 6.7726730002e+02   0.00e+00  2.72e+00    1.000000e+00   1.000000e+00
   4 1.2540355864e+00  -1.58e-06  2.72e-04   -4.889464e-01   1.633491e-01

After 4 iterations the fit converged.
final sum of squares of residuals : 1.25404
rel. change during last iteration : -1.57867e-11

degrees of freedom    (FIT_NDF)                        : 15
rms of residuals      (FIT_STDFIT) = sqrt(WSSR/ndf)    : 0.289141
variance of residuals (reduced chisquare) = WSSR/ndf   : 0.0836024

Final set of parameters            Asymptotic Standard Error
=======================            ==========================
m               = -0.488946        +/- 0.04755      (9.725%)
b               = 0.163349         +/- 0.1766       (108.1%)

correlation matrix of the fit parameters:
                m      b      
m               1.000 
b              -0.918  1.000 


*******************************************************************************
Thu Apr 15 22:23:32 2021


FIT:    data read from "mc_integration.dat" using (log10($1)):(log10(abs($2-$3)/$3))
        format = x:z
        x range restricted to [1.00000 : 8.00000]
        #datapoints = 17
        residuals are weighted equally (unit weight)

function used for fitting: f(x)
	f(x) = m*x + b
fitted parameters initialized with current variable values

iter      chisq       delta/lim  lambda   m             b            
   0 5.5069250658e+02   0.00e+00  2.72e+00    1.000000e+00   1.000000e+00
   3 1.7258235439e+00  -6.34e-02  2.72e-03   -4.333890e-01   6.105172e-01

After 3 iterations the fit converged.
final sum of squares of residuals : 1.72582
rel. change during last iteration : -6.33729e-07

degrees of freedom    (FIT_NDF)                        : 15
rms of residuals      (FIT_STDFIT) = sqrt(WSSR/ndf)    : 0.339197
variance of residuals (reduced chisquare) = WSSR/ndf   : 0.115055

Final set of parameters            Asymptotic Standard Error
=======================            ==========================
m               = -0.433389        +/- 0.05578      (12.87%)
b               = 0.610517         +/- 0.2072       (33.93%)

correlation matrix of the fit parameters:
                m      b      
m               1.000 
b              -0.918  1.000 


*******************************************************************************
Thu Apr 15 22:24:02 2021


FIT:    data read from "mc_integration.dat" using (log10($1)):(log10(abs($2-$3)/$3))
        format = x:z
        x range restricted to [1.00000 : 8.00000]
        #datapoints = 17
        residuals are weighted equally (unit weight)

function used for fitting: f(x)
	f(x) = m*x + b
fitted parameters initialized with current variable values

iter      chisq       delta/lim  lambda   m             b            
   0 6.4935053376e+02   0.00e+00  2.72e+00    1.000000e+00   1.000000e+00
   4 2.2012373376e+00  -1.93e-07  2.72e-04   -6.147878e-01   8.117849e-01

After 4 iterations the fit converged.
final sum of squares of residuals : 2.20124
rel. change during last iteration : -1.92929e-12

degrees of freedom    (FIT_NDF)                        : 15
rms of residuals      (FIT_STDFIT) = sqrt(WSSR/ndf)    : 0.383079
variance of residuals (reduced chisquare) = WSSR/ndf   : 0.146749

Final set of parameters            Asymptotic Standard Error
=======================            ==========================
m               = -0.614788        +/- 0.063        (10.25%)
b               = 0.811785         +/- 0.234        (28.82%)

correlation matrix of the fit parameters:
                m      b      
m               1.000 
b              -0.918  1.000 


*******************************************************************************
Thu Apr 15 22:24:19 2021


FIT:    data read from "mc_integration.dat" using (log10($1)):(log10(abs($2-$3)/$3))
        format = x:z
        x range restricted to [1.00000 : 8.00000]
        #datapoints = 17
        residuals are weighted equally (unit weight)

function used for fitting: f(x)
	f(x) = m*x + b
fitted parameters initialized with current variable values

iter      chisq       delta/lim  lambda   m             b            
   0 6.4719519604e+02   0.00e+00  2.72e+00    1.000000e+00   1.000000e+00
   4 2.3651120721e+00  -3.32e-07  2.72e-04   -4.924151e-01   3.343688e-01

After 4 iterations the fit converged.
final sum of squares of residuals : 2.36511
rel. change during last iteration : -3.32272e-12

degrees of freedom    (FIT_NDF)                        : 15
rms of residuals      (FIT_STDFIT) = sqrt(WSSR/ndf)    : 0.397082
variance of residuals (reduced chisquare) = WSSR/ndf   : 0.157674

Final set of parameters            Asymptotic Standard Error
=======================            ==========================
m               = -0.492415        +/- 0.0653       (13.26%)
b               = 0.334369         +/- 0.2425       (72.53%)

correlation matrix of the fit parameters:
                m      b      
m               1.000 
b              -0.918  1.000 


*******************************************************************************
Thu Apr 15 22:24:45 2021


FIT:    data read from "mc_integration.dat" using (log10($1)):(log10(abs($2-$3)/$3))
        format = x:z
        x range restricted to [1.00000 : 8.00000]
        #datapoints = 17
        residuals are weighted equally (unit weight)

function used for fitting: f(x)
	f(x) = m*x + b
fitted parameters initialized with current variable values

iter      chisq       delta/lim  lambda   m             b            
   0 6.5261207049e+02   0.00e+00  2.72e+00    1.000000e+00   1.000000e+00
   4 3.7716344626e+00  -3.93e-07  2.72e-04   -4.713971e-01   2.305423e-01

After 4 iterations the fit converged.
final sum of squares of residuals : 3.77163
rel. change during last iteration : -3.92584e-12

degrees of freedom    (FIT_NDF)                        : 15
rms of residuals      (FIT_STDFIT) = sqrt(WSSR/ndf)    : 0.50144
variance of residuals (reduced chisquare) = WSSR/ndf   : 0.251442

Final set of parameters            Asymptotic Standard Error
=======================            ==========================
m               = -0.471397        +/- 0.08247      (17.49%)
b               = 0.230542         +/- 0.3063       (132.8%)

correlation matrix of the fit parameters:
                m      b      
m               1.000 
b              -0.918  1.000 


*******************************************************************************
Thu Apr 15 22:25:07 2021


FIT:    data read from "mc_integration.dat" using (log10($1)):(log10(abs($2-$3)/$3))
        format = x:z
        x range restricted to [1.00000 : 8.00000]
        #datapoints = 17
        residuals are weighted equally (unit weight)

function used for fitting: f(x)
	f(x) = m*x + b
fitted parameters initialized with current variable values

iter      chisq       delta/lim  lambda   m             b            
   0 5.9074227618e+02   0.00e+00  2.72e+00    1.000000e+00   1.000000e+00
   4 1.2105366826e+00  -1.04e-05  2.72e-04   -2.127533e-01  -4.773162e-01

After 4 iterations the fit converged.
final sum of squares of residuals : 1.21054
rel. change during last iteration : -1.04452e-10

degrees of freedom    (FIT_NDF)                        : 15
rms of residuals      (FIT_STDFIT) = sqrt(WSSR/ndf)    : 0.284082
variance of residuals (reduced chisquare) = WSSR/ndf   : 0.0807024

Final set of parameters            Asymptotic Standard Error
=======================            ==========================
m               = -0.212753        +/- 0.04672      (21.96%)
b               = -0.477316        +/- 0.1735       (36.35%)

correlation matrix of the fit parameters:
                m      b      
m               1.000 
b              -0.918  1.000 


*******************************************************************************
Thu Apr 15 22:25:59 2021


FIT:    data read from "mc_integration.dat" using (log10($1)):(log10(abs($2-$3)/$3))
        format = x:z
        x range restricted to [1.00000 : 8.00000]
        #datapoints = 17
        residuals are weighted equally (unit weight)

function used for fitting: f(x)
	f(x) = m*x + b
fitted parameters initialized with current variable values

iter      chisq       delta/lim  lambda   m             b            
   0 5.5655557561e+02   0.00e+00  2.72e+00    1.000000e+00   1.000000e+00
   4 6.0493540424e+00  -2.98e-07  2.72e-04   -3.379323e-01   2.224306e-01

After 4 iterations the fit converged.
final sum of squares of residuals : 6.04935
rel. change during last iteration : -2.97873e-12

degrees of freedom    (FIT_NDF)                        : 15
rms of residuals      (FIT_STDFIT) = sqrt(WSSR/ndf)    : 0.635051
variance of residuals (reduced chisquare) = WSSR/ndf   : 0.40329

Final set of parameters            Asymptotic Standard Error
=======================            ==========================
m               = -0.337932        +/- 0.1044       (30.91%)
b               = 0.222431         +/- 0.3879       (174.4%)

correlation matrix of the fit parameters:
                m      b      
m               1.000 
b              -0.918  1.000 


*******************************************************************************
Thu Apr 15 22:26:11 2021


FIT:    data read from "mc_integration.dat" using (log10($1)):(log10(abs($2-$3)/$3))
        format = x:z
        x range restricted to [1.00000 : 8.00000]
        #datapoints = 17
        residuals are weighted equally (unit weight)

function used for fitting: f(x)
	f(x) = m*x + b
fitted parameters initialized with current variable values

iter      chisq       delta/lim  lambda   m             b            
   0 4.2166699866e+02   0.00e+00  2.72e+00    1.000000e+00   1.000000e+00
   4 7.7513084069e-01  -1.30e-06  2.72e-04   -1.831436e-01   3.726181e-01

After 4 iterations the fit converged.
final sum of squares of residuals : 0.775131
rel. change during last iteration : -1.30221e-11

degrees of freedom    (FIT_NDF)                        : 15
rms of residuals      (FIT_STDFIT) = sqrt(WSSR/ndf)    : 0.227322
variance of residuals (reduced chisquare) = WSSR/ndf   : 0.0516754

Final set of parameters            Asymptotic Standard Error
=======================            ==========================
m               = -0.183144        +/- 0.03739      (20.41%)
b               = 0.372618         +/- 0.1388       (37.26%)

correlation matrix of the fit parameters:
                m      b      
m               1.000 
b              -0.918  1.000 


*******************************************************************************
Thu Apr 15 22:26:33 2021


FIT:    data read from "mc_integration.dat" using (log10($1)):(log10(abs($2-$3)/$3))
        format = x:z
        x range restricted to [1.00000 : 8.00000]
        #datapoints = 17
        residuals are weighted equally (unit weight)

function used for fitting: f(x)
	f(x) = m*x + b
fitted parameters initialized with current variable values

iter      chisq       delta/lim  lambda   m             b            
   0 3.6821123302e+02   0.00e+00  2.72e+00    1.000000e+00   1.000000e+00
   4 1.5368901745e-03  -3.29e-03  2.72e-04   -3.371002e-03   7.263977e-03

After 4 iterations the fit converged.
final sum of squares of residuals : 0.00153689
rel. change during last iteration : -3.28512e-08

degrees of freedom    (FIT_NDF)                        : 15
rms of residuals      (FIT_STDFIT) = sqrt(WSSR/ndf)    : 0.0101222
variance of residuals (reduced chisquare) = WSSR/ndf   : 0.000102459

Final set of parameters            Asymptotic Standard Error
=======================            ==========================
m               = -0.003371        +/- 0.001665     (49.38%)
b               = 0.00726398       +/- 0.006182     (85.11%)

correlation matrix of the fit parameters:
                m      b      
m               1.000 
b              -0.918  1.000 
