1.90909090909  0.909090909091
1.82644628099  0.826446280992
1.7513148009  0.751314800902
1.68301345537  0.683013455365
1.62092132306  0.620921323059
1.56447393005  0.564473930054
1.51315811823  0.513158118231
1.46650738021  0.46650738021
1.42409761837  0.424097618372
1.38554328943  0.38554328943
1.35049389948  0.350493899481
1.31863081771  0.31863081771
1.28966437974  0.289664379737
1.26333125431  0.263331254306
1.23939204937  0.239392049369
1.21762913579  0.21762913579
1.1978446689  0.1978446689
1.17985878991  0.179858789909
1.16350799083  0.163507990827
1.14864362802  0.148643628024
1.13513057093  0.135130570931
1.12284597357  0.122845973574
1.11167815779  0.111678157794
1.10152559799  0.101525597995
1.09229599818  0.0922959981771
1.08390545289  0.0839054528882
1.07627768444  0.0762776844439
1.06934334949  0.0693433494944
1.06303940863  0.0630394086313
1.0573085533  0.0573085533012
1.05209868482  0.0520986848192
1.04736244074  0.0473624407448
1.04305676431  0.0430567643134
1.03914251301  0.0391425130122
1.03558410274  0.0355841027384
1.03234918431  0.0323491843076
1.02940834937  0.0294083493706
1.02673486306  0.0267348630641
1.02430442097  0.0243044209674
1.02209492815  0.0220949281522
1.02008629832  0.0200862983202
1.0182602712  0.0182602712001
1.01660024655  0.0166002465456
1.01509113322  0.0150911332233
1.01371921202  0.0137192120211
1.01247201093  0.0124720109283
1.01133819175  0.011338191753
1.01030744705  0.0103074470482
1.00937040641  0.00937040640745
1.00851855128  0.0085185512795
1.00774413753  0.00774413752682
1.00704012502  0.00704012502438
1.00640011366  0.00640011365853
1.00581828514  0.00581828514412
1.00528935013  0.00528935013101
1.00480850012  0.0048085001191
1.00437136374  0.00437136374464
1.00397396704  0.00397396704058
1.00361269731  0.00361269730962
1.00328427028  0.00328427028147
1.00298570026  0.00298570025588
1.00271427296  0.00271427295989
1.00246752087  0.00246752087263
1.00224320079  0.0022432007933
1.00203927345  0.00203927344846
1.00185388495  0.00185388495314
1.00168534996  0.0016853499574
1.00153213632  0.00153213632491
1.0013928512  0.00139285120446
1.00126622837  0.00126622836769
1.0011511167  0.0011511166979
1.00104646973  0.00104646972537
1.00095133611  0.00095133611397
1.00086485101  0.0008648510127
1.00078622819  0.000786228193364
1.0007147529  0.000714752903058
1.00064977537  0.000649775366417
1.00059070488  0.00059070487856
1.00053700444  0.000537004435055
1.00048818585  0.00048818585005
1.00044380532  0.000443805318227
1.00040345938  0.000403459380207
1.00036678125  0.000366781254733
1.0003334375  0.000333437504303
1.000303125  0.000303125003912
1.00027556819  0.000275568185374
1.00025051653  0.000250516532159
1.0002277423  0.000227742301962
1.00020703846  0.000207038456329
1.00018821678  0.000188216778481
1.00017110616  0.000171106162256
1.00015555106  0.000155551056596
1.00014141005  0.000141410051451
1.00012855459  0.000128554592228
1.00011686781  0.000116867811116
1.00010624346  0.000106243464651
1.00009658497  9.65849678649e-05
1.00008780452  8.78045162408e-05
1.00007982229  7.98222874916e-05
1.00007256572  7.25657159015e-05
1.00006596883  6.59688326377e-05
1.00005997167  5.99716660343e-05
1.0000545197  5.45196963948e-05
1.00004956336  4.95633603589e-05
1.0000450576  4.50576003263e-05
1.00004096145  4.09614548421e-05
1.00003723769  3.72376862201e-05
1.00003385244  3.38524420182e-05
1.00003077495  3.07749472893e-05
1.00002797722  2.79772248085e-05
1.00002543384  2.5433840735e-05
1.00002312167  2.31216733954e-05
1.0000210197  2.10197030868e-05
1.00001910882  1.9108820988e-05
1.00001737166  1.73716554436e-05
1.00001579241  1.57924140396e-05
1.00001435674  1.4356740036e-05
1.00001305158  1.30515818509e-05
1.00001186507  1.18650744099e-05
1.00001078643  1.07864312818e-05
1.00000980585  9.80584661979e-06
1.00000891441  8.91440601799e-06
1.00000810401  8.1040054709e-06
1.00000736728  7.36727770082e-06
1.00000669753  6.69752518256e-06
1.00000608866  6.08865925687e-06
1.00000553514  5.53514477898e-06
1.00000503195  5.03194979907e-06
1.0000045745  4.57449981734e-06
1.00000415864  4.15863619758e-06
1.00000378058  3.78057836143e-06
1.00000343689  3.43688941949e-06
1.00000312444  3.12444492681e-06
1.0000028404  2.84040447891e-06
1.00000258219  2.58218588992e-06
1.00000234744  2.34744171811e-06
1.00000213404  2.13403792555e-06
1.00000194003  1.94003447778e-06
1.00000176367  1.76366770707e-06
1.00000160333  1.60333427915e-06
1.00000145758  1.45757661741e-06
1.00000132507  1.32506965219e-06
1.00000120461  1.20460877472e-06
1.0000010951  1.09509888611e-06
1.00000099554  9.95544441919e-07
1.00000090504  9.05040401744e-07
1.00000082276  8.22764001586e-07
1.00000074797  7.47967274169e-07
1.00000067997  6.79970249244e-07
1.00000061815  6.1815477204e-07
1.00000056196  5.61958883673e-07
1.00000051087  5.1087171243e-07
1.00000046443  4.64428829482e-07
1.00000042221  4.22208026802e-07
1.00000038383  3.83825478911e-07
1.00000034893  3.48932253555e-07
1.00000031721  3.17211139596e-07
1.00000028837  2.88373763269e-07
1.00000026216  2.62157966608e-07
1.00000023833  2.38325424189e-07
1.00000021666  2.16659476535e-07
1.00000019696  1.96963160487e-07
1.00000017906  1.79057418624e-07
1.00000016278  1.62779471477e-07
1.00000014798  1.47981337706e-07
1.00000013453  1.34528488824e-07
1.0000001223  1.22298626203e-07
1.00000011118  1.11180569276e-07
1.00000010107  1.01073244796e-07
1.00000009188  9.18847679965e-08
1.00000008353  8.35316072696e-08
1.00000007594  7.59378247905e-08
1.00000006903  6.90343861732e-08
1.00000006276  6.27585328847e-08
1.00000005705  5.70532117134e-08
1.00000005187  5.18665561031e-08
1.00000004715  4.71514146392e-08
1.00000004286  4.28649223992e-08
1.00000003897  3.8968111272e-08
1.00000003543  3.54255557019e-08
1.00000003221  3.2205050638e-08
1.00000002928  2.92773187619e-08
1.00000002662  2.6615744329e-08
1.0000000242  2.41961312081e-08
1.000000022  2.19964829165e-08
1.00000002  1.99968026514e-08
1.00000001818  1.81789115012e-08
1.00000001653  1.65262831829e-08
1.00000001502  1.50238938027e-08
1.00000001366  1.36580852752e-08
1.00000001242  1.24164411592e-08
1.00000001129  1.12876737811e-08
1.00000001026  1.02615216192e-08
1.00000000933  9.32865601746e-09
1.00000000848  8.48059637951e-09
1.00000000771  7.70963307228e-09
1.00000000701  7.00875733844e-09
1.00000000637  6.3715975804e-09
1.00000000579  5.79236143672e-09
1.00000000527  5.26578312429e-09
1.00000000479  4.78707556754e-09
1.00000000435  4.35188687958e-09
1.00000000396  3.95626079962e-09
1.0000000036  3.59660072693e-09
1.00000000327  3.26963702448e-09
1.00000000297  2.97239729498e-09
1.0000000027  2.70217935907e-09
1.00000000246  2.45652669007e-09
1.00000000223  2.23320608188e-09
1.00000000203  2.03018734716e-09
1.00000000185  1.84562486106e-09
1.00000000168  1.67784078278e-09
1.00000000153  1.52530980253e-09
1.00000000139  1.38664527502e-09
1.00000000126  1.26058661366e-09
1.00000000115  1.1459878306e-09
1.00000000104  1.04180711873e-09
1.00000000095  9.4709738066e-10
1.00000000086  8.60997618782e-10
1.00000000078  7.82725107983e-10
1.00000000071  7.11568279985e-10
1.00000000065  6.46880254532e-10
1.00000000059  5.88072958665e-10
1.00000000053  5.34611780605e-10
1.00000000049  4.86010709641e-10
1.00000000044  4.41827917855e-10
1.0000000004  4.01661743505e-10
1.00000000037  3.6514703955e-10
1.00000000033  3.31951854136e-10
1.0000000003  3.01774412851e-10
1.00000000027  2.74340375319e-10
1.00000000025  2.49400341199e-10
1.00000000023  2.26727582908e-10
1.00000000021  2.06115984462e-10
1.00000000019  1.87378167693e-10
1.00000000017  1.70343788812e-10
1.00000000015  1.54857989829e-10
1.00000000014  1.40779990753e-10
1.00000000013  1.27981809776e-10
1.00000000012  1.16347099796e-10
1.00000000011  1.05770090724e-10
1.0000000001  9.61546279308e-11
1.00000000009  8.74132981189e-11
1.00000000008  7.94666346535e-11
1.00000000007  7.22423951396e-11
1.00000000007  6.56749046723e-11
1.00000000006  5.9704458793e-11
1.00000000005  5.42767807209e-11
1.00000000005  4.93425279281e-11
1.00000000004  4.4856843571e-11
1.00000000004  4.07789487009e-11
1.00000000004  3.70717715463e-11
1.00000000003  3.37016104966e-11
1.00000000003  3.06378277242e-11
1.00000000003  2.78525706584e-11
1.00000000003  2.53205187803e-11
1.00000000002  2.30186534367e-11
1.00000000002  2.09260485788e-11
1.00000000002  1.90236805262e-11
1.00000000002  1.72942550238e-11
1.00000000002  1.57220500216e-11
1.00000000001  1.42927727469e-11
1.00000000001  1.29934297699e-11
1.00000000001  1.18122088818e-11
1.00000000001  1.07383717107e-11
1.00000000001  9.76215610064e-12
1.00000000001  8.87468736422e-12
1.00000000001  8.06789760383e-12
1.00000000001  7.33445236712e-12
1.00000000001  6.66768397011e-12
1.00000000001  6.06153088192e-12
1.00000000001  5.51048261993e-12
1.00000000001  5.00952965448e-12
1  4.55411786771e-12
1  4.14010715246e-12
1  3.76373377496e-12
1  3.42157615906e-12
1  3.11052378096e-12
1  2.82774889178e-12
1  2.57068081071e-12
1  2.33698255519e-12
1  2.12452959563e-12
1  1.93139054148e-12
1  1.75580958317e-12
1  1.59619053015e-12
1  1.45108230014e-12
1  1.3191657274e-12
1  1.19924157036e-12
1  1.09021960942e-12
1  9.91108735836e-13
1  9.01007941669e-13
1  8.1909812879e-13
1  7.44634662536e-13
1  6.76940602306e-13
1  6.1540054755e-13
1  5.59455043228e-13
1  5.08595493843e-13
1  4.62359539858e-13
1  4.20326854416e-13
1  3.82115322196e-13
1  3.47377565633e-13
1  3.15797786939e-13
1  2.87088897217e-13
1  2.60989906561e-13
1  2.37263551419e-13
1  2.15694137654e-13
1  1.96085579685e-13
1  1.78259617896e-13
1  1.62054198087e-13
1  1.47321998261e-13
1  1.33929089328e-13
1  1.21753717571e-13
1  1.10685197792e-13
1  1.00622907084e-13
1  9.14753700759e-14
1  8.31594273418e-14
1  7.55994794016e-14
1  6.8726799456e-14
1  6.24789085964e-14
1  5.67990078149e-14
1  5.16354616499e-14
1  4.69413287726e-14
1  4.26739352478e-14
1  3.8794486589e-14
1  3.52677150809e-14
1  3.20615591644e-14
1  2.91468719677e-14
1  2.64971563342e-14
1  2.40883239402e-14
1  2.18984763093e-14
1  1.99077057357e-14
1  1.80979143052e-14
1  1.64526493684e-14
1  1.49569539712e-14
1  1.35972308829e-14
1  1.23611189845e-14
1  1.1237380895e-14
1  1.02158008136e-14
1  9.28709164875e-15
1  8.44281058978e-15
1  7.67528235434e-15
1  6.97752941304e-15
1  6.34320855731e-15
1  5.76655323392e-15
1  5.24232112174e-15
1  4.76574647431e-15
1  4.33249679483e-15
1  3.93863344984e-15
1  3.58057586349e-15
1  3.25506896681e-15
1  2.95915360619e-15
1  2.69013964199e-15
1  2.44558149272e-15
1  2.22325590247e-15
1  2.02114172952e-15
1  1.83740157229e-15
1  1.67036506572e-15
1  1.51851369611e-15
1  1.38046699646e-15
1  1.25496999678e-15
1  1.14088181526e-15
1  1.0371652866e-15
1  9.42877533272e-16
1  8.57161393884e-16
1  7.79237630803e-16
1  7.08397846185e-16
1  6.43998041986e-16
1  5.85452765442e-16
1  5.32229786765e-16
1  4.83845260696e-16
1  4.39859327905e-16
1  3.99872116278e-16
1  3.63520105707e-16
1  3.3047282337e-16
1  3.00429839427e-16
1  2.73118035843e-16
1  2.48289123494e-16
1  2.25717384994e-16
1  2.05197622722e-16
1  1.86543293384e-16
1  1.69584812167e-16
1  1.54168011061e-16
1  1.40152737328e-16
1  1.27411579389e-16
1  1.15828708536e-16
1  1.05298825941e-16
1  9.57262054013e-17
1  8.70238230921e-17
1  7.91125664473e-17
1  7.19205149521e-17
1  6.53822863201e-17
1  5.94384421092e-17
1  5.4034947372e-17
1  4.91226794291e-17
1  4.46569812992e-17
1  4.05972557265e-17
1  3.6906596115e-17
1  3.35514510136e-17
1  3.05013191033e-17
1  2.77284719121e-17
1  2.52077017383e-17
1  2.29160924893e-17
1  2.08328113539e-17
1  1.89389194127e-17
1  1.72171994661e-17
1  1.56519995146e-17
1  1.42290904678e-17
1  1.29355367889e-17
1  1.1759578899e-17
1  1.06905262718e-17
1  9.71866024713e-18
1  8.83514567921e-18
1  8.03195061747e-18
1  7.30177328861e-18
1  6.63797571691e-18
1  6.03452337901e-18
1  5.48593034456e-18
1  4.98720940414e-18
1  4.53382673104e-18
1  4.12166066458e-18
1  3.74696424053e-18
1  3.40633112775e-18
1  3.09666466159e-18
1  2.81514969236e-18
1  2.55922699305e-18
1  2.32656999368e-18
1  2.11506363062e-18
1  1.92278511875e-18
1  1.74798647159e-18
1  1.58907861053e-18
1  1.44461691867e-18
1  1.31328810788e-18
1  1.19389827989e-18
1  1.08536207263e-18
1  9.86692793298e-19
1  8.96993448453e-19
1  8.15448589503e-19
1  7.41316899548e-19
1  6.73924454134e-19
1  6.12658594668e-19
1  5.56962358789e-19
1  5.06329417081e-19
1  4.60299470073e-19
1  4.18454063703e-19
1  3.80412785185e-19
1  3.45829804713e-19
1  3.14390731558e-19
1  2.85809755961e-19
1  2.59827050874e-19
1  2.36206409885e-19
1  2.14733099896e-19
1  1.95211908996e-19
1  1.77465371815e-19
1  1.61332156195e-19
1  1.46665596541e-19
1  1.33332360492e-19
1  1.21211236811e-19
1  1.10192033464e-19
1  1.00174575877e-19
1  9.10677962516e-20
1  8.27889056833e-20
1  7.52626415302e-20
1  6.84205832093e-20
1  6.22005301903e-20
1  5.65459365366e-20
1  5.14053968515e-20
1  4.67321789559e-20
1  4.24837990508e-20
1  3.86216355007e-20
1  3.51105777279e-20
1  3.19187070254e-20
1  2.90170063867e-20
1  2.63790967152e-20
1  2.39809970138e-20
1  2.18009063762e-20
1  1.98190057965e-20
1  1.80172779969e-20
1  1.63793436335e-20
1  1.48903123941e-20
1  1.3536647631e-20
1  1.23060433009e-20
1  1.11873120917e-20
1  1.01702837198e-20
1  9.24571247251e-21
1  8.40519315683e-21
1  7.64108468802e-21
1  6.94644062548e-21
1  6.31494602316e-21
1  5.74086002105e-21
1  5.2189636555e-21
1  4.74451241409e-21
1  4.31319310372e-21
1  3.92108463975e-21
1  3.56462239977e-21
1  3.24056581797e-21
1  2.94596892543e-21
1  2.67815356857e-21
1  2.43468506234e-21
1  2.21335005667e-21
1  2.01213641516e-21
1  1.82921492287e-21
1  1.66292265715e-21
1  1.51174787014e-21
1  1.37431624558e-21
1  1.24937840507e-21
1  1.13579855007e-21
1  1.03254413642e-21
1  9.38676487659e-22
1  8.53342261508e-22
1  7.7576569228e-22
1  7.05241538437e-22
1  6.41128671306e-22
1  5.82844246642e-22
1  5.29858406038e-22
1  4.81689460035e-22
1  4.37899509122e-22
1  3.98090462838e-22
1  3.61900420762e-22
1  3.29000382511e-22
1  2.99091256828e-22
1  2.71901142571e-22
1  2.47182856883e-22
1  2.24711688075e-22
1  2.04283352796e-22
1  1.85712138905e-22
1  1.68829217187e-22
1  1.53481106533e-22
1  1.39528278667e-22
1  1.26843889697e-22
1  1.15312626997e-22
1  1.04829660907e-22
1  9.52996917332e-23
1  8.66360833938e-23
1  7.87600758126e-23
1  7.16000689205e-23
1  6.50909717459e-23
1  5.91736106781e-23
1  5.37941915256e-23
1  4.89038104778e-23
1  4.44580095253e-23
1  4.04163722957e-23
1  3.67421566324e-23
1  3.34019605749e-23
1  3.03654187045e-23
1  2.7604926095e-23
1  2.50953873591e-23
1  2.28139885083e-23
1  2.0739989553e-23
1  1.88545359572e-23
1  1.71404872339e-23
1  1.55822611217e-23
1  1.41656919288e-23
1  1.28779017535e-23
1  1.17071834122e-23
1  1.06428940111e-23
1  9.67535819193e-24
1  8.79578017448e-24
1  7.99616379499e-24
1  7.26923981362e-24
1  6.60839983057e-24
1  6.00763620961e-24
1  5.46148746328e-24
1  4.96498860298e-24
1  4.51362600271e-24
1  4.1032963661e-24
1  3.73026942373e-24
1  3.39115402157e-24
1  3.08286729234e-24
1  2.8026066294e-24
1  2.54782420854e-24
1  2.31620382595e-24
1  2.10563984177e-24
1  1.91421803797e-24
1  1.74019821634e-24
1  1.58199837849e-24
1  1.43818034408e-24
1  1.30743667644e-24
1  1.18857879676e-24
1  1.08052617887e-24
1  9.82296526249e-25
1  8.92996842045e-25
1  8.1181531095e-25
1  7.38013919045e-25
1  6.70921744587e-25
1  6.09928858715e-25
1  5.5448078065e-25
1  5.04073436955e-25
1  4.5824857905e-25
1  4.16589617318e-25
1  3.78717833925e-25
1  3.44288939932e-25
1  3.12989945393e-25
1  2.84536313994e-25
1  2.58669376358e-25
1  2.35153978507e-25
1  2.13776344097e-25
1  1.94342130998e-25
1  1.76674664543e-25
1  1.60613331403e-25
1  1.46012119457e-25
